<?xml version="1.0" encoding="UTF-8"?>
<!-- Generated by org.testng.reporters.JUnitReportReporter -->
<testsuite hostname="LAPTOP-AE85928Q" failures="0" tests="1" name="com.selenium_framework.RegUserTest" time="4.176" errors="0" timestamp="2024-08-21T21:46:18 IST" skipped="0">
  <testcase classname="com.selenium_framework.RegUserTest" name="testRegUserPage" time="4.176"/>
  <system-out/>
</testsuite> <!-- com.selenium_framework.RegUserTest -->
