<?xml version="1.0" encoding="UTF-8"?>
<!-- Generated by org.testng.reporters.JUnitReportReporter -->
<testsuite hostname="LAPTOP-AE85928Q" failures="0" tests="1" name="com.selenium_framework.RegUserTest" time="14.003" errors="0" timestamp="2024-07-19T20:43:20 IST" skipped="0">
  <testcase classname="com.selenium_framework.RegUserTest" name="testRegUserPage" time="14.003"/>
  <system-out/>
</testsuite> <!-- com.selenium_framework.RegUserTest -->
