<?xml version="1.0" encoding="UTF-8"?>
<!-- Generated by org.testng.reporters.JUnitReportReporter -->
<testsuite hostname="LAPTOP-AE85928Q" failures="0" tests="1" name="com.selenium_framework.RegUserTest" time="6.851" errors="0" timestamp="2024-07-19T01:05:57 IST" skipped="0">
  <testcase classname="com.selenium_framework.RegUserTest" name="testRegUserPage" time="6.851"/>
  <system-out>
    <![CDATA[Match found]]>
  </system-out>
</testsuite> <!-- com.selenium_framework.RegUserTest -->
